mode: set
github.com/mattmezza/monres/cmd/monres/main.go:21.13,26.2 3 1
github.com/mattmezza/monres/cmd/monres/main.go:28.55,33.16 3 0
github.com/mattmezza/monres/cmd/monres/main.go:33.16,35.3 1 0
github.com/mattmezza/monres/cmd/monres/main.go:38.2,38.23 1 0
github.com/mattmezza/monres/cmd/monres/main.go:38.23,41.52 3 0
github.com/mattmezza/monres/cmd/monres/main.go:41.52,43.35 2 0
github.com/mattmezza/monres/cmd/monres/main.go:43.35,45.5 1 0
github.com/mattmezza/monres/cmd/monres/main.go:47.3,47.13 1 0
github.com/mattmezza/monres/cmd/monres/main.go:47.13,48.34 1 0
github.com/mattmezza/monres/cmd/monres/main.go:48.34,51.5 1 0
github.com/mattmezza/monres/cmd/monres/main.go:51.10,53.5 1 0
github.com/mattmezza/monres/cmd/monres/main.go:58.2,59.16 2 0
github.com/mattmezza/monres/cmd/monres/main.go:59.16,61.3 1 0
github.com/mattmezza/monres/cmd/monres/main.go:63.2,63.35 1 0
github.com/mattmezza/monres/cmd/monres/main.go:63.35,65.3 1 0
github.com/mattmezza/monres/cmd/monres/main.go:68.2,87.23 3 0
github.com/mattmezza/monres/cmd/monres/main.go:87.23,89.75 1 0
github.com/mattmezza/monres/cmd/monres/main.go:89.75,92.18 3 0
github.com/mattmezza/monres/cmd/monres/main.go:92.18,94.5 1 0
github.com/mattmezza/monres/cmd/monres/main.go:95.4,95.85 1 0
github.com/mattmezza/monres/cmd/monres/main.go:96.9,98.4 1 0
github.com/mattmezza/monres/cmd/monres/main.go:99.8,103.59 3 0
github.com/mattmezza/monres/cmd/monres/main.go:103.59,106.18 3 0
github.com/mattmezza/monres/cmd/monres/main.go:106.18,108.5 1 0
github.com/mattmezza/monres/cmd/monres/main.go:108.10,111.5 2 0
github.com/mattmezza/monres/cmd/monres/main.go:113.3,114.24 2 0
github.com/mattmezza/monres/cmd/monres/main.go:114.24,116.4 1 0
github.com/mattmezza/monres/cmd/monres/main.go:120.13,125.53 3 0
github.com/mattmezza/monres/cmd/monres/main.go:125.53,127.20 2 0
github.com/mattmezza/monres/cmd/monres/main.go:127.20,129.4 1 0
github.com/mattmezza/monres/cmd/monres/main.go:130.3,131.9 2 0
github.com/mattmezza/monres/cmd/monres/main.go:134.2,137.16 3 0
github.com/mattmezza/monres/cmd/monres/main.go:137.16,139.3 1 0
github.com/mattmezza/monres/cmd/monres/main.go:140.2,147.49 3 0
github.com/mattmezza/monres/cmd/monres/main.go:147.49,154.3 1 0
github.com/mattmezza/monres/cmd/monres/main.go:154.8,156.6 1 0
github.com/mattmezza/monres/cmd/monres/main.go:157.2,166.16 5 0
github.com/mattmezza/monres/cmd/monres/main.go:166.16,168.3 1 0
github.com/mattmezza/monres/cmd/monres/main.go:169.2,169.58 1 0
github.com/mattmezza/monres/cmd/monres/main.go:169.58,171.6 1 0
github.com/mattmezza/monres/cmd/monres/main.go:171.11,173.6 1 0
github.com/mattmezza/monres/cmd/monres/main.go:177.2,178.16 2 0
github.com/mattmezza/monres/cmd/monres/main.go:178.16,180.3 1 0
github.com/mattmezza/monres/cmd/monres/main.go:181.2,198.16 9 0
github.com/mattmezza/monres/cmd/monres/main.go:198.16,200.3 1 0
github.com/mattmezza/monres/cmd/monres/main.go:200.8,202.41 2 0
github.com/mattmezza/monres/cmd/monres/main.go:202.41,204.4 1 0
github.com/mattmezza/monres/cmd/monres/main.go:205.3,210.58 4 0
github.com/mattmezza/monres/cmd/monres/main.go:214.2,214.6 1 0
github.com/mattmezza/monres/cmd/monres/main.go:214.6,215.10 1 0
github.com/mattmezza/monres/cmd/monres/main.go:216.19,219.18 3 0
github.com/mattmezza/monres/cmd/monres/main.go:219.18,222.5 1 0
github.com/mattmezza/monres/cmd/monres/main.go:223.4,223.45 1 0
github.com/mattmezza/monres/cmd/monres/main.go:223.45,225.5 1 0
github.com/mattmezza/monres/cmd/monres/main.go:225.10,227.14 1 0
github.com/mattmezza/monres/cmd/monres/main.go:230.4,230.43 1 0
github.com/mattmezza/monres/cmd/monres/main.go:230.43,234.5 1 0
github.com/mattmezza/monres/cmd/monres/main.go:236.4,236.61 1 0
github.com/mattmezza/monres/cmd/monres/main.go:238.32,242.10 3 0
github.com/mattmezza/monres/internal/history/buffer.go:21.106,22.44 1 1
github.com/mattmezza/monres/internal/history/buffer.go:22.44,28.3 2 1
github.com/mattmezza/monres/internal/history/buffer.go:29.2,30.23 2 1
github.com/mattmezza/monres/internal/history/buffer.go:30.23,32.3 1 1
github.com/mattmezza/monres/internal/history/buffer.go:34.2,37.3 1 1
github.com/mattmezza/monres/internal/history/buffer.go:42.100,47.13 4 1
github.com/mattmezza/monres/internal/history/buffer.go:47.13,49.3 1 1
github.com/mattmezza/monres/internal/history/buffer.go:51.2,53.36 2 1
github.com/mattmezza/monres/internal/history/buffer.go:53.36,55.3 1 1
github.com/mattmezza/monres/internal/history/buffer.go:56.2,56.33 1 1
github.com/mattmezza/monres/internal/history/buffer.go:61.127,66.33 4 1
github.com/mattmezza/monres/internal/history/buffer.go:66.33,68.3 1 1
github.com/mattmezza/monres/internal/history/buffer.go:70.2,70.19 1 1
github.com/mattmezza/monres/internal/history/buffer.go:70.19,71.22 1 1
github.com/mattmezza/monres/internal/history/buffer.go:71.22,73.4 1 1
github.com/mattmezza/monres/internal/history/buffer.go:74.3,74.13 1 0
github.com/mattmezza/monres/internal/history/buffer.go:77.2,79.40 3 1
github.com/mattmezza/monres/internal/history/buffer.go:79.40,81.37 2 1
github.com/mattmezza/monres/internal/history/buffer.go:81.37,82.9 1 1
github.com/mattmezza/monres/internal/history/buffer.go:84.3,84.30 1 1
github.com/mattmezza/monres/internal/history/buffer.go:87.5,87.58 1 1
github.com/mattmezza/monres/internal/history/buffer.go:87.58,89.6 1 1
github.com/mattmezza/monres/internal/history/buffer.go:90.2,90.15 1 1
github.com/mattmezza/monres/internal/history/buffer.go:94.88,99.33 4 1
github.com/mattmezza/monres/internal/history/buffer.go:99.33,101.3 1 1
github.com/mattmezza/monres/internal/history/buffer.go:102.2,102.36 1 1
github.com/mattmezza/monres/internal/history/buffer.go:107.111,111.29 3 0
github.com/mattmezza/monres/internal/history/buffer.go:111.29,112.34 1 0
github.com/mattmezza/monres/internal/history/buffer.go:112.34,114.4 1 0
github.com/mattmezza/monres/internal/history/buffer.go:116.5,116.51 1 0
github.com/mattmezza/monres/internal/history/buffer.go:116.51,118.6 1 0
github.com/mattmezza/monres/internal/history/buffer.go:119.2,119.20 1 0
github.com/mattmezza/monres/internal/config/config.go:60.51,62.16 2 1
github.com/mattmezza/monres/internal/config/config.go:62.16,64.3 1 1
github.com/mattmezza/monres/internal/config/config.go:66.2,68.16 3 1
github.com/mattmezza/monres/internal/config/config.go:68.16,70.3 1 1
github.com/mattmezza/monres/internal/config/config.go:73.2,73.30 1 1
github.com/mattmezza/monres/internal/config/config.go:73.30,75.3 1 1
github.com/mattmezza/monres/internal/config/config.go:76.2,78.51 2 1
github.com/mattmezza/monres/internal/config/config.go:78.51,80.3 1 1
github.com/mattmezza/monres/internal/config/config.go:80.8,82.17 2 1
github.com/mattmezza/monres/internal/config/config.go:82.17,84.4 1 0
github.com/mattmezza/monres/internal/config/config.go:85.3,85.35 1 1
github.com/mattmezza/monres/internal/config/config.go:89.2,89.28 1 1
github.com/mattmezza/monres/internal/config/config.go:89.28,91.22 2 1
github.com/mattmezza/monres/internal/config/config.go:91.22,93.4 1 1
github.com/mattmezza/monres/internal/config/config.go:94.3,94.24 1 1
github.com/mattmezza/monres/internal/config/config.go:94.24,96.4 1 1
github.com/mattmezza/monres/internal/config/config.go:98.3,98.44 1 1
github.com/mattmezza/monres/internal/config/config.go:99.29,99.29 0 1
github.com/mattmezza/monres/internal/config/config.go:101.11,102.103 1 1
github.com/mattmezza/monres/internal/config/config.go:104.3,104.29 1 1
github.com/mattmezza/monres/internal/config/config.go:104.29,106.18 2 1
github.com/mattmezza/monres/internal/config/config.go:106.18,108.5 1 1
github.com/mattmezza/monres/internal/config/config.go:110.3,110.30 1 1
github.com/mattmezza/monres/internal/config/config.go:110.30,112.4 1 1
github.com/mattmezza/monres/internal/config/config.go:115.2,115.42 1 1
github.com/mattmezza/monres/internal/config/config.go:115.42,117.20 2 1
github.com/mattmezza/monres/internal/config/config.go:117.20,119.4 1 0
github.com/mattmezza/monres/internal/config/config.go:124.3,127.18 3 1
github.com/mattmezza/monres/internal/config/config.go:128.16,130.53 2 1
github.com/mattmezza/monres/internal/config/config.go:130.53,131.25 1 1
github.com/mattmezza/monres/internal/config/config.go:131.25,131.68 1 0
github.com/mattmezza/monres/internal/config/config.go:132.5,132.38 1 1
github.com/mattmezza/monres/internal/config/config.go:133.10,135.84 1 0
github.com/mattmezza/monres/internal/config/config.go:135.84,138.6 1 0
github.com/mattmezza/monres/internal/config/config.go:141.19,143.52 2 1
github.com/mattmezza/monres/internal/config/config.go:143.52,144.25 1 1
github.com/mattmezza/monres/internal/config/config.go:144.25,144.68 1 0
github.com/mattmezza/monres/internal/config/config.go:145.5,145.35 1 1
github.com/mattmezza/monres/internal/config/config.go:146.10,147.76 1 0
github.com/mattmezza/monres/internal/config/config.go:147.76,149.6 1 0
github.com/mattmezza/monres/internal/config/config.go:151.17,151.17 0 0
github.com/mattmezza/monres/internal/config/config.go:153.11,154.95 1 0
github.com/mattmezza/monres/internal/config/config.go:159.2,159.36 1 1
github.com/mattmezza/monres/internal/config/config.go:159.36,161.3 1 1
github.com/mattmezza/monres/internal/config/config.go:162.2,162.39 1 1
github.com/mattmezza/monres/internal/config/config.go:162.39,164.3 1 1
github.com/mattmezza/monres/internal/config/config.go:166.2,166.18 1 1
github.com/mattmezza/monres/internal/config/config.go:170.87,171.24 1 1
github.com/mattmezza/monres/internal/config/config.go:171.24,173.3 1 0
github.com/mattmezza/monres/internal/config/config.go:174.2,177.53 2 1
github.com/mattmezza/monres/internal/config/config.go:177.53,177.81 1 1
github.com/mattmezza/monres/internal/config/config.go:177.86,177.172 1 1
github.com/mattmezza/monres/internal/config/config.go:178.2,178.50 1 1
github.com/mattmezza/monres/internal/config/config.go:178.50,178.78 1 1
github.com/mattmezza/monres/internal/config/config.go:178.83,178.167 1 1
github.com/mattmezza/monres/internal/config/config.go:179.2,179.57 1 1
github.com/mattmezza/monres/internal/config/config.go:179.57,179.89 1 1
github.com/mattmezza/monres/internal/config/config.go:180.2,180.57 1 1
github.com/mattmezza/monres/internal/config/config.go:180.57,180.89 1 1
github.com/mattmezza/monres/internal/config/config.go:181.2,181.53 1 1
github.com/mattmezza/monres/internal/config/config.go:181.53,181.81 1 1
github.com/mattmezza/monres/internal/config/config.go:181.86,181.172 1 0
github.com/mattmezza/monres/internal/config/config.go:182.2,182.59 1 1
github.com/mattmezza/monres/internal/config/config.go:182.59,183.27 1 1
github.com/mattmezza/monres/internal/config/config.go:183.27,184.34 1 1
github.com/mattmezza/monres/internal/config/config.go:184.34,186.5 1 1
github.com/mattmezza/monres/internal/config/config.go:188.8,188.101 1 0
github.com/mattmezza/monres/internal/config/config.go:189.2,189.56 1 1
github.com/mattmezza/monres/internal/config/config.go:189.56,189.87 1 1
github.com/mattmezza/monres/internal/config/config.go:191.2,191.111 1 1
github.com/mattmezza/monres/internal/config/config.go:191.111,193.3 1 0
github.com/mattmezza/monres/internal/config/config.go:195.2,195.23 1 1
github.com/mattmezza/monres/internal/config/config.go:199.93,200.27 1 1
github.com/mattmezza/monres/internal/config/config.go:200.27,202.3 1 0
github.com/mattmezza/monres/internal/config/config.go:203.2,204.54 2 1
github.com/mattmezza/monres/internal/config/config.go:204.54,204.86 1 1
github.com/mattmezza/monres/internal/config/config.go:205.2,205.53 1 1
github.com/mattmezza/monres/internal/config/config.go:205.53,205.84 1 1
github.com/mattmezza/monres/internal/config/config.go:205.89,205.174 1 1
github.com/mattmezza/monres/internal/config/config.go:207.2,207.60 1 1
github.com/mattmezza/monres/internal/config/config.go:207.60,209.3 1 1
github.com/mattmezza/monres/internal/config/config.go:210.2,210.26 1 1
github.com/mattmezza/monres/internal/alerter/alerter.go:40.146,51.37 2 0
github.com/mattmezza/monres/internal/alerter/alerter.go:51.37,54.3 2 0
github.com/mattmezza/monres/internal/alerter/alerter.go:56.2,56.15 1 0
github.com/mattmezza/monres/internal/alerter/alerter.go:60.92,66.31 4 0
github.com/mattmezza/monres/internal/alerter/alerter.go:66.31,70.24 2 0
github.com/mattmezza/monres/internal/alerter/alerter.go:70.24,71.35 1 0
github.com/mattmezza/monres/internal/alerter/alerter.go:71.35,73.13 2 0
github.com/mattmezza/monres/internal/alerter/alerter.go:77.4,77.34 1 0
github.com/mattmezza/monres/internal/alerter/alerter.go:77.34,80.71 2 0
github.com/mattmezza/monres/internal/alerter/alerter.go:80.71,83.14 2 0
github.com/mattmezza/monres/internal/alerter/alerter.go:86.9,88.18 2 0
github.com/mattmezza/monres/internal/alerter/alerter.go:88.18,90.19 2 0
github.com/mattmezza/monres/internal/alerter/alerter.go:92.7,92.56 1 0
github.com/mattmezza/monres/internal/alerter/alerter.go:96.3,97.17 2 0
github.com/mattmezza/monres/internal/alerter/alerter.go:97.17,99.12 2 0
github.com/mattmezza/monres/internal/alerter/alerter.go:102.3,102.43 1 0
github.com/mattmezza/monres/internal/alerter/alerter.go:102.43,116.4 5 0
github.com/mattmezza/monres/internal/alerter/alerter.go:116.9,116.50 1 0
github.com/mattmezza/monres/internal/alerter/alerter.go:116.50,129.4 5 0
github.com/mattmezza/monres/internal/alerter/alerter.go:136.2,136.31 1 0
github.com/mattmezza/monres/internal/alerter/alerter.go:136.31,138.3 1 0
github.com/mattmezza/monres/internal/alerter/alerter.go:142.62,143.50 1 0
github.com/mattmezza/monres/internal/alerter/alerter.go:143.50,145.10 2 0
github.com/mattmezza/monres/internal/alerter/alerter.go:145.10,147.12 2 0
github.com/mattmezza/monres/internal/alerter/alerter.go:151.3,165.17 3 0
github.com/mattmezza/monres/internal/alerter/alerter.go:165.17,167.4 1 0
github.com/mattmezza/monres/internal/alerter/alerter.go:167.9,169.4 1 0
github.com/mattmezza/monres/internal/alerter/alerter.go:174.68,179.31 4 0
github.com/mattmezza/monres/internal/alerter/alerter.go:179.31,180.26 1 0
github.com/mattmezza/monres/internal/alerter/alerter.go:180.26,182.4 1 0
github.com/mattmezza/monres/internal/alerter/alerter.go:184.2,184.21 1 0
github.com/mattmezza/monres/internal/alerter/rule.go:26.58,33.2 1 0
github.com/mattmezza/monres/internal/alerter/rule.go:37.115,38.41 1 0
github.com/mattmezza/monres/internal/alerter/rule.go:38.41,40.3 1 0
github.com/mattmezza/monres/internal/alerter/rule.go:41.5,41.45 1 0
github.com/mattmezza/monres/internal/alerter/rule.go:41.45,43.6 1 0
github.com/mattmezza/monres/internal/alerter/rule.go:46.2,48.22 2 0
github.com/mattmezza/monres/internal/alerter/rule.go:48.22,49.22 1 0
github.com/mattmezza/monres/internal/alerter/rule.go:49.22,51.4 1 0
github.com/mattmezza/monres/internal/alerter/rule.go:51.9,53.4 1 0
github.com/mattmezza/monres/internal/alerter/rule.go:54.8,56.23 1 0
github.com/mattmezza/monres/internal/alerter/rule.go:56.23,58.4 1 0
github.com/mattmezza/monres/internal/alerter/rule.go:71.3,71.42 1 0
github.com/mattmezza/monres/internal/alerter/rule.go:72.18,74.30 2 0
github.com/mattmezza/monres/internal/alerter/rule.go:74.30,76.5 1 0
github.com/mattmezza/monres/internal/alerter/rule.go:77.4,77.47 1 0
github.com/mattmezza/monres/internal/alerter/rule.go:78.14,79.23 1 0
github.com/mattmezza/monres/internal/alerter/rule.go:79.23,81.31 2 0
github.com/mattmezza/monres/internal/alerter/rule.go:81.31,82.35 1 0
github.com/mattmezza/monres/internal/alerter/rule.go:82.35,84.7 1 0
github.com/mattmezza/monres/internal/alerter/rule.go:86.10,88.14 1 0
github.com/mattmezza/monres/internal/alerter/rule.go:89.11,90.104 1 0
github.com/mattmezza/monres/internal/alerter/rule.go:94.2,96.22 2 0
github.com/mattmezza/monres/internal/alerter/rule.go:97.11,98.47 1 0
github.com/mattmezza/monres/internal/alerter/rule.go:99.11,100.47 1 0
github.com/mattmezza/monres/internal/alerter/rule.go:101.11,102.48 1 0
github.com/mattmezza/monres/internal/alerter/rule.go:103.12,104.48 1 0
github.com/mattmezza/monres/internal/alerter/rule.go:105.12,106.48 1 0
github.com/mattmezza/monres/internal/alerter/rule.go:107.12,108.48 1 0
github.com/mattmezza/monres/internal/alerter/rule.go:109.10,110.107 1 0
github.com/mattmezza/monres/internal/alerter/rule.go:113.2,113.43 1 0
github.com/mattmezza/monres/internal/util/parse_util.go:14.69,15.114 1 0
github.com/mattmezza/monres/internal/util/parse_util.go:15.114,17.3 1 0
github.com/mattmezza/monres/internal/util/parse_util.go:19.2,20.23 2 0
github.com/mattmezza/monres/internal/util/parse_util.go:20.23,22.3 1 0
github.com/mattmezza/monres/internal/util/parse_util.go:24.2,25.16 2 0
github.com/mattmezza/monres/internal/util/parse_util.go:25.16,28.3 1 0
github.com/mattmezza/monres/internal/util/parse_util.go:30.2,32.14 3 0
github.com/mattmezza/monres/internal/util/parse_util.go:33.11,34.29 1 0
github.com/mattmezza/monres/internal/util/parse_util.go:35.11,36.29 1 0
github.com/mattmezza/monres/internal/util/parse_util.go:37.11,38.27 1 0
github.com/mattmezza/monres/internal/util/parse_util.go:39.10,41.58 1 0
github.com/mattmezza/monres/internal/util/parse_util.go:44.2,44.49 1 0
github.com/mattmezza/monres/internal/notifier/email.go:17.91,18.91 1 1
github.com/mattmezza/monres/internal/notifier/email.go:18.91,20.3 1 1
github.com/mattmezza/monres/internal/notifier/email.go:23.2,23.54 1 1
github.com/mattmezza/monres/internal/notifier/email.go:23.55,27.3 0 0
github.com/mattmezza/monres/internal/notifier/email.go:29.2,29.53 1 1
github.com/mattmezza/monres/internal/notifier/email.go:32.40,34.2 1 1
github.com/mattmezza/monres/internal/notifier/email.go:36.93,42.30 5 0
github.com/mattmezza/monres/internal/notifier/email.go:42.30,45.3 2 0
github.com/mattmezza/monres/internal/notifier/email.go:47.2,49.16 3 0
github.com/mattmezza/monres/internal/notifier/email.go:49.16,51.3 1 0
github.com/mattmezza/monres/internal/notifier/email.go:55.2,65.34 5 0
github.com/mattmezza/monres/internal/notifier/email.go:65.34,67.3 1 0
github.com/mattmezza/monres/internal/notifier/email.go:69.2,69.26 1 0
github.com/mattmezza/monres/internal/notifier/email.go:69.26,72.17 2 0
github.com/mattmezza/monres/internal/notifier/email.go:72.17,74.4 1 0
github.com/mattmezza/monres/internal/notifier/email.go:75.3,77.48 2 0
github.com/mattmezza/monres/internal/notifier/email.go:77.48,82.52 2 0
github.com/mattmezza/monres/internal/notifier/email.go:82.52,84.5 1 0
github.com/mattmezza/monres/internal/notifier/email.go:85.9,90.33 1 0
github.com/mattmezza/monres/internal/notifier/email.go:90.33,92.14 1 0
github.com/mattmezza/monres/internal/notifier/email.go:93.4,93.89 1 0
github.com/mattmezza/monres/internal/notifier/email.go:97.3,97.18 1 0
github.com/mattmezza/monres/internal/notifier/email.go:97.18,98.43 1 0
github.com/mattmezza/monres/internal/notifier/email.go:98.43,100.5 1 0
github.com/mattmezza/monres/internal/notifier/email.go:103.3,103.70 1 0
github.com/mattmezza/monres/internal/notifier/email.go:103.70,105.4 1 0
github.com/mattmezza/monres/internal/notifier/email.go:106.3,106.41 1 0
github.com/mattmezza/monres/internal/notifier/email.go:106.41,107.57 1 0
github.com/mattmezza/monres/internal/notifier/email.go:107.57,109.5 1 0
github.com/mattmezza/monres/internal/notifier/email.go:111.3,112.17 2 0
github.com/mattmezza/monres/internal/notifier/email.go:112.17,114.4 1 0
github.com/mattmezza/monres/internal/notifier/email.go:115.3,116.17 2 0
github.com/mattmezza/monres/internal/notifier/email.go:116.17,118.4 1 0
github.com/mattmezza/monres/internal/notifier/email.go:119.3,120.17 2 0
github.com/mattmezza/monres/internal/notifier/email.go:120.17,122.4 1 0
github.com/mattmezza/monres/internal/notifier/email.go:123.3,123.23 1 0
github.com/mattmezza/monres/internal/notifier/email.go:125.8,127.17 2 0
github.com/mattmezza/monres/internal/notifier/email.go:127.17,129.4 1 0
github.com/mattmezza/monres/internal/notifier/email.go:132.2,132.12 1 0
github.com/mattmezza/monres/internal/notifier/email.go:136.44,137.74 1 0
github.com/mattmezza/monres/internal/notifier/email.go:137.74,140.46 3 0
github.com/mattmezza/monres/internal/notifier/email.go:140.46,142.4 1 0
github.com/mattmezza/monres/internal/notifier/email.go:144.2,144.18 1 0
github.com/mattmezza/monres/internal/notifier/notifier.go:38.101,41.16 2 1
github.com/mattmezza/monres/internal/notifier/notifier.go:41.16,43.3 1 1
github.com/mattmezza/monres/internal/notifier/notifier.go:45.2,47.16 3 1
github.com/mattmezza/monres/internal/notifier/notifier.go:47.16,49.3 1 1
github.com/mattmezza/monres/internal/notifier/notifier.go:50.2,50.26 1 1
github.com/mattmezza/monres/internal/notifier/notifier.go:54.108,56.44 2 1
github.com/mattmezza/monres/internal/notifier/notifier.go:56.44,59.27 3 1
github.com/mattmezza/monres/internal/notifier/notifier.go:60.22,62.31 2 1
github.com/mattmezza/monres/internal/notifier/notifier.go:62.31,64.26 2 0
github.com/mattmezza/monres/internal/notifier/notifier.go:66.13,66.68 1 1
github.com/mattmezza/monres/internal/notifier/notifier.go:67.25,69.32 2 1
github.com/mattmezza/monres/internal/notifier/notifier.go:69.32,71.26 2 0
github.com/mattmezza/monres/internal/notifier/notifier.go:73.13,73.74 1 1
github.com/mattmezza/monres/internal/notifier/notifier.go:74.17,75.49 1 1
github.com/mattmezza/monres/internal/notifier/notifier.go:76.17,78.21 2 1
github.com/mattmezza/monres/internal/notifier/notifier.go:81.9,81.23 1 1
github.com/mattmezza/monres/internal/notifier/notifier.go:81.23,83.21 2 0
github.com/mattmezza/monres/internal/notifier/notifier.go:85.9,85.55 1 1
github.com/mattmezza/monres/internal/notifier/notifier.go:85.55,87.10 1 1
github.com/mattmezza/monres/internal/notifier/notifier.go:88.9,89.107 2 1
github.com/mattmezza/monres/internal/notifier/notifier.go:91.5,91.26 1 1
github.com/mattmezza/monres/internal/notifier/stdout.go:11.62,15.2 1 1
github.com/mattmezza/monres/internal/notifier/stdout.go:17.43,19.2 1 1
github.com/mattmezza/monres/internal/notifier/stdout.go:21.96,23.30 2 1
github.com/mattmezza/monres/internal/notifier/stdout.go:23.30,25.3 1 0
github.com/mattmezza/monres/internal/notifier/stdout.go:25.8,27.3 1 1
github.com/mattmezza/monres/internal/notifier/stdout.go:30.2,31.16 2 1
github.com/mattmezza/monres/internal/notifier/stdout.go:31.16,33.3 1 0
github.com/mattmezza/monres/internal/notifier/stdout.go:36.2,38.12 2 1
github.com/mattmezza/monres/internal/notifier/telegram.go:21.100,22.44 1 1
github.com/mattmezza/monres/internal/notifier/telegram.go:22.44,24.3 1 1
github.com/mattmezza/monres/internal/notifier/telegram.go:25.2,29.8 1 1
github.com/mattmezza/monres/internal/notifier/telegram.go:32.43,34.2 1 1
github.com/mattmezza/monres/internal/notifier/telegram.go:39.96,41.30 2 1
github.com/mattmezza/monres/internal/notifier/telegram.go:41.30,43.3 1 0
github.com/mattmezza/monres/internal/notifier/telegram.go:43.8,45.3 1 1
github.com/mattmezza/monres/internal/notifier/telegram.go:48.2,49.16 2 1
github.com/mattmezza/monres/internal/notifier/telegram.go:49.16,51.3 1 0
github.com/mattmezza/monres/internal/notifier/telegram.go:63.2,74.16 5 1
github.com/mattmezza/monres/internal/notifier/telegram.go:74.16,76.3 1 0
github.com/mattmezza/monres/internal/notifier/telegram.go:78.2,79.16 2 1
github.com/mattmezza/monres/internal/notifier/telegram.go:79.16,81.3 1 0
github.com/mattmezza/monres/internal/notifier/telegram.go:82.2,85.16 3 1
github.com/mattmezza/monres/internal/notifier/telegram.go:85.16,87.3 1 0
github.com/mattmezza/monres/internal/notifier/telegram.go:88.2,90.38 2 1
github.com/mattmezza/monres/internal/notifier/telegram.go:90.38,94.3 3 1
github.com/mattmezza/monres/internal/notifier/telegram.go:96.2,96.12 1 1
github.com/mattmezza/monres/internal/notifier/telegram.go:101.50,104.25 3 1
github.com/mattmezza/monres/internal/notifier/telegram.go:104.25,107.35 3 1
github.com/mattmezza/monres/internal/notifier/telegram.go:107.35,108.19 1 1
github.com/mattmezza/monres/internal/notifier/telegram.go:108.19,110.10 2 1
github.com/mattmezza/monres/internal/notifier/telegram.go:113.3,113.19 1 1
github.com/mattmezza/monres/internal/notifier/telegram.go:113.19,115.4 1 1
github.com/mattmezza/monres/internal/notifier/telegram.go:116.3,116.27 1 1
github.com/mattmezza/monres/internal/notifier/telegram.go:118.2,118.24 1 1
github.com/mattmezza/monres/internal/notifier/telegram.go:122.43,126.2 3 1
github.com/mattmezza/monres/internal/collector/collector.go:29.44,40.2 4 1
github.com/mattmezza/monres/internal/collector/collector.go:43.67,50.34 6 1
github.com/mattmezza/monres/internal/collector/collector.go:50.34,52.3 1 1
github.com/mattmezza/monres/internal/collector/collector.go:56.2,57.16 2 1
github.com/mattmezza/monres/internal/collector/collector.go:57.16,59.3 1 0
github.com/mattmezza/monres/internal/collector/collector.go:59.8,60.32 1 1
github.com/mattmezza/monres/internal/collector/collector.go:60.32,62.4 1 1
github.com/mattmezza/monres/internal/collector/collector.go:66.2,67.16 2 1
github.com/mattmezza/monres/internal/collector/collector.go:67.16,69.3 1 0
github.com/mattmezza/monres/internal/collector/collector.go:69.8,70.32 1 1
github.com/mattmezza/monres/internal/collector/collector.go:70.32,72.4 1 1
github.com/mattmezza/monres/internal/collector/collector.go:76.2,77.16 2 1
github.com/mattmezza/monres/internal/collector/collector.go:77.16,79.3 1 0
github.com/mattmezza/monres/internal/collector/collector.go:79.8,80.54 1 1
github.com/mattmezza/monres/internal/collector/collector.go:80.54,84.4 3 1
github.com/mattmezza/monres/internal/collector/collector.go:84.9,87.4 2 1
github.com/mattmezza/monres/internal/collector/collector.go:88.3,88.38 1 1
github.com/mattmezza/monres/internal/collector/collector.go:92.2,93.16 2 1
github.com/mattmezza/monres/internal/collector/collector.go:93.16,95.3 1 0
github.com/mattmezza/monres/internal/collector/collector.go:95.8,96.57 1 1
github.com/mattmezza/monres/internal/collector/collector.go:96.57,100.4 3 1
github.com/mattmezza/monres/internal/collector/collector.go:100.9,103.4 2 1
github.com/mattmezza/monres/internal/collector/collector.go:104.3,104.40 1 1
github.com/mattmezza/monres/internal/collector/collector.go:108.2,109.24 2 1
github.com/mattmezza/monres/internal/collector/cpu.go:34.58,36.43 2 1
github.com/mattmezza/monres/internal/collector/cpu.go:36.43,38.3 1 0
github.com/mattmezza/monres/internal/collector/cpu.go:40.2,44.16 4 1
github.com/mattmezza/monres/internal/collector/cpu.go:44.16,44.35 1 0
github.com/mattmezza/monres/internal/collector/cpu.go:45.2,46.16 2 1
github.com/mattmezza/monres/internal/collector/cpu.go:46.16,46.35 1 0
github.com/mattmezza/monres/internal/collector/cpu.go:47.2,48.16 2 1
github.com/mattmezza/monres/internal/collector/cpu.go:48.16,48.35 1 0
github.com/mattmezza/monres/internal/collector/cpu.go:49.2,50.16 2 1
github.com/mattmezza/monres/internal/collector/cpu.go:50.16,50.35 1 0
github.com/mattmezza/monres/internal/collector/cpu.go:51.2,51.21 1 1
github.com/mattmezza/monres/internal/collector/cpu.go:51.21,51.75 1 1
github.com/mattmezza/monres/internal/collector/cpu.go:52.2,52.21 1 1
github.com/mattmezza/monres/internal/collector/cpu.go:52.21,52.72 1 1
github.com/mattmezza/monres/internal/collector/cpu.go:53.2,53.21 1 1
github.com/mattmezza/monres/internal/collector/cpu.go:53.21,53.76 1 1
github.com/mattmezza/monres/internal/collector/cpu.go:54.2,54.21 1 1
github.com/mattmezza/monres/internal/collector/cpu.go:54.21,54.74 1 1
github.com/mattmezza/monres/internal/collector/cpu.go:55.2,55.21 1 1
github.com/mattmezza/monres/internal/collector/cpu.go:55.21,55.74 1 1
github.com/mattmezza/monres/internal/collector/cpu.go:56.2,56.22 1 1
github.com/mattmezza/monres/internal/collector/cpu.go:56.22,56.80 1 1
github.com/mattmezza/monres/internal/collector/cpu.go:58.2,58.16 1 1
github.com/mattmezza/monres/internal/collector/cpu.go:61.60,63.16 2 1
github.com/mattmezza/monres/internal/collector/cpu.go:63.16,65.3 1 0
github.com/mattmezza/monres/internal/collector/cpu.go:66.2,69.20 3 1
github.com/mattmezza/monres/internal/collector/cpu.go:69.20,71.38 2 1
github.com/mattmezza/monres/internal/collector/cpu.go:71.38,73.18 2 1
github.com/mattmezza/monres/internal/collector/cpu.go:73.18,75.5 1 0
github.com/mattmezza/monres/internal/collector/cpu.go:79.4,84.27 3 1
github.com/mattmezza/monres/internal/collector/cpu.go:87.2,87.38 1 0
github.com/mattmezza/monres/internal/collector/cpu.go:87.38,89.3 1 0
github.com/mattmezza/monres/internal/collector/cpu.go:90.2,90.61 1 0
github.com/mattmezza/monres/internal/collector/cpu.go:96.69,103.16 5 1
github.com/mattmezza/monres/internal/collector/cpu.go:103.16,105.3 1 0
github.com/mattmezza/monres/internal/collector/cpu.go:111.2,111.63 1 1
github.com/mattmezza/monres/internal/collector/cpu.go:111.63,116.3 4 0
github.com/mattmezza/monres/internal/collector/cpu.go:119.2,125.21 5 1
github.com/mattmezza/monres/internal/collector/cpu.go:125.21,127.3 1 1
github.com/mattmezza/monres/internal/collector/cpu.go:127.8,129.19 2 1
github.com/mattmezza/monres/internal/collector/cpu.go:129.19,129.37 1 0
github.com/mattmezza/monres/internal/collector/cpu.go:130.3,130.21 1 1
github.com/mattmezza/monres/internal/collector/cpu.go:130.21,130.41 1 0
github.com/mattmezza/monres/internal/collector/cpu.go:131.3,131.42 1 1
github.com/mattmezza/monres/internal/collector/cpu.go:134.2,134.21 1 1
github.com/mattmezza/monres/internal/collector/cpu.go:138.40,140.2 1 1
github.com/mattmezza/monres/internal/collector/cpu.go:144.69,151.2 1 1
github.com/mattmezza/monres/internal/collector/cpu.go:153.47,155.2 1 1
github.com/mattmezza/monres/internal/collector/disk.go:32.47,37.39 1 1
github.com/mattmezza/monres/internal/collector/disk.go:37.39,39.3 1 0
github.com/mattmezza/monres/internal/collector/disk.go:46.2,46.13 1 1
github.com/mattmezza/monres/internal/collector/disk.go:51.41,53.16 2 1
github.com/mattmezza/monres/internal/collector/disk.go:53.16,55.3 1 0
github.com/mattmezza/monres/internal/collector/disk.go:56.2,61.21 4 1
github.com/mattmezza/monres/internal/collector/disk.go:61.21,63.23 2 1
github.com/mattmezza/monres/internal/collector/disk.go:63.23,64.12 1 0
github.com/mattmezza/monres/internal/collector/disk.go:67.3,68.36 2 1
github.com/mattmezza/monres/internal/collector/disk.go:68.36,69.12 1 0
github.com/mattmezza/monres/internal/collector/disk.go:72.3,73.17 2 1
github.com/mattmezza/monres/internal/collector/disk.go:73.17,75.12 1 0
github.com/mattmezza/monres/internal/collector/disk.go:78.3,79.17 2 1
github.com/mattmezza/monres/internal/collector/disk.go:79.17,81.12 1 0
github.com/mattmezza/monres/internal/collector/disk.go:84.3,85.46 2 1
github.com/mattmezza/monres/internal/collector/disk.go:88.2,88.38 1 1
github.com/mattmezza/monres/internal/collector/disk.go:88.38,90.3 1 0
github.com/mattmezza/monres/internal/collector/disk.go:91.2,91.19 1 1
github.com/mattmezza/monres/internal/collector/disk.go:95.109,96.25 1 1
github.com/mattmezza/monres/internal/collector/disk.go:96.25,98.3 1 0
github.com/mattmezza/monres/internal/collector/disk.go:100.2,104.54 3 1
github.com/mattmezza/monres/internal/collector/disk.go:104.54,106.6 1 0
github.com/mattmezza/monres/internal/collector/disk.go:107.5,107.60 1 1
github.com/mattmezza/monres/internal/collector/disk.go:107.60,109.6 1 0
github.com/mattmezza/monres/internal/collector/disk.go:112.2,115.26 3 1
github.com/mattmezza/monres/internal/collector/memory.go:22.39,24.16 2 1
github.com/mattmezza/monres/internal/collector/memory.go:24.16,26.3 1 0
github.com/mattmezza/monres/internal/collector/memory.go:27.2,42.21 6 1
github.com/mattmezza/monres/internal/collector/memory.go:42.21,45.21 3 1
github.com/mattmezza/monres/internal/collector/memory.go:45.21,46.12 1 0
github.com/mattmezza/monres/internal/collector/memory.go:49.3,50.47 2 1
github.com/mattmezza/monres/internal/collector/memory.go:50.47,52.18 2 1
github.com/mattmezza/monres/internal/collector/memory.go:52.18,55.5 2 1
github.com/mattmezza/monres/internal/collector/memory.go:59.2,59.38 1 1
github.com/mattmezza/monres/internal/collector/memory.go:59.38,61.3 1 0
github.com/mattmezza/monres/internal/collector/memory.go:62.2,62.38 1 1
github.com/mattmezza/monres/internal/collector/memory.go:62.38,64.50 1 0
github.com/mattmezza/monres/internal/collector/memory.go:64.51,68.4 0 0
github.com/mattmezza/monres/internal/collector/memory.go:73.2,73.18 1 1
github.com/mattmezza/monres/internal/collector/memory.go:77.53,79.16 2 1
github.com/mattmezza/monres/internal/collector/memory.go:79.16,81.3 1 0
github.com/mattmezza/monres/internal/collector/memory.go:83.2,86.26 2 1
github.com/mattmezza/monres/internal/collector/memory.go:86.26,88.31 2 1
github.com/mattmezza/monres/internal/collector/memory.go:88.31,90.4 1 1
github.com/mattmezza/monres/internal/collector/memory.go:90.9,96.4 1 0
github.com/mattmezza/monres/internal/collector/memory.go:97.3,98.98 2 1
github.com/mattmezza/monres/internal/collector/memory.go:99.8,102.3 2 0
github.com/mattmezza/monres/internal/collector/memory.go:105.2,105.27 1 1
github.com/mattmezza/monres/internal/collector/memory.go:105.27,109.3 3 1
github.com/mattmezza/monres/internal/collector/memory.go:109.8,112.3 2 0
github.com/mattmezza/monres/internal/collector/memory.go:114.2,114.21 1 1
github.com/mattmezza/monres/internal/collector/memory.go:118.43,120.2 1 1
github.com/mattmezza/monres/internal/collector/memory.go:122.72,122.103 1 1
github.com/mattmezza/monres/internal/collector/memory.go:123.72,123.91 1 1
github.com/mattmezza/monres/internal/collector/network.go:19.49,21.2 1 1
github.com/mattmezza/monres/internal/collector/network.go:24.47,26.16 2 1
github.com/mattmezza/monres/internal/collector/network.go:26.16,28.3 1 0
github.com/mattmezza/monres/internal/collector/network.go:29.2,35.25 4 1
github.com/mattmezza/monres/internal/collector/network.go:35.25,36.22 1 1
github.com/mattmezza/monres/internal/collector/network.go:36.22,37.40 1 0
github.com/mattmezza/monres/internal/collector/network.go:37.40,39.5 1 0
github.com/mattmezza/monres/internal/collector/network.go:40.4,40.73 1 0
github.com/mattmezza/monres/internal/collector/network.go:44.2,44.21 1 1
github.com/mattmezza/monres/internal/collector/network.go:44.21,47.23 3 1
github.com/mattmezza/monres/internal/collector/network.go:47.23,48.12 1 0
github.com/mattmezza/monres/internal/collector/network.go:51.3,52.38 2 1
github.com/mattmezza/monres/internal/collector/network.go:52.38,53.12 1 1
github.com/mattmezza/monres/internal/collector/network.go:57.3,58.17 2 1
github.com/mattmezza/monres/internal/collector/network.go:58.17,60.12 1 0
github.com/mattmezza/monres/internal/collector/network.go:68.3,69.17 2 1
github.com/mattmezza/monres/internal/collector/network.go:69.17,71.12 1 0
github.com/mattmezza/monres/internal/collector/network.go:74.3,75.36 2 1
github.com/mattmezza/monres/internal/collector/network.go:78.2,78.38 1 1
github.com/mattmezza/monres/internal/collector/network.go:78.38,80.3 1 0
github.com/mattmezza/monres/internal/collector/network.go:81.2,81.19 1 1
github.com/mattmezza/monres/internal/collector/network.go:85.114,86.25 1 1
github.com/mattmezza/monres/internal/collector/network.go:86.25,88.3 1 0
github.com/mattmezza/monres/internal/collector/network.go:90.2,94.50 3 1
github.com/mattmezza/monres/internal/collector/network.go:94.50,96.6 1 0
github.com/mattmezza/monres/internal/collector/network.go:97.6,97.51 1 1
github.com/mattmezza/monres/internal/collector/network.go:97.51,99.6 1 0
github.com/mattmezza/monres/internal/collector/network.go:102.2,105.25 3 1
